This is pdfTeX, Version 3.1415926-1.40.10 (TeX Live 2009/Debian) (format=pdflatex 2012.7.16)  1 AUG 2012 01:44
entering extended mode
 %&-line parsing enabled.
**thesis.tex
(./thesis.tex
LaTeX2e <2009/09/24>
Babel <v3.8l> and hyphenation patterns for english, usenglishmax, dumylang, noh
yphenation, ibycus, monogreek, greek, ancientgreek, loaded.
(./Classes/CUEDthesisPSnPDF.cls

LaTeX Warning: You have requested document class `Classes/CUEDthesisPSnPDF',
               but the document class provides `CUEDthesisPSnPDF'.

Document Class: CUEDthesisPSnPDF 2003/01/11 v1.2 CUED thesis class
(/usr/share/texmf-texlive/tex/latex/base/book.cls
Document Class: book 2007/10/19 v1.4h Standard LaTeX document class
(/usr/share/texmf-texlive/tex/latex/base/bk12.clo
File: bk12.clo 2007/10/19 v1.4h Standard LaTeX file (size option)
)
\c@part=\count79
\c@chapter=\count80
\c@section=\count81
\c@subsection=\count82
\c@subsubsection=\count83
\c@paragraph=\count84
\c@subparagraph=\count85
\c@figure=\count86
\c@table=\count87
\abovecaptionskip=\skip41
\belowcaptionskip=\skip42
\bibindent=\dimen102
)
(/usr/share/texmf-texlive/tex/latex/amsfonts/amssymb.sty
Package: amssymb 2009/06/22 v3.00

(/usr/share/texmf-texlive/tex/latex/amsfonts/amsfonts.sty
Package: amsfonts 2009/06/22 v3.00 Basic AMSFonts support
\@emptytoks=\toks14
\symAMSa=\mathgroup4
\symAMSb=\mathgroup5
LaTeX Font Info:    Overwriting math alphabet `\mathfrak' in version `bold'
(Font)                  U/euf/m/n --> U/euf/b/n on input line 96.
))
(/usr/share/texmf-texlive/tex/latex/graphics/graphics.sty
Package: graphics 2009/02/05 v1.0o Standard LaTeX Graphics (DPC,SPQR)

(/usr/share/texmf-texlive/tex/latex/graphics/trig.sty
Package: trig 1999/03/16 v1.09 sin cos tan (DPC)
)
(/etc/texmf/tex/latex/config/graphics.cfg
File: graphics.cfg 2009/08/28 v1.8 graphics configuration of TeX Live
)
Package graphics Info: Driver file: pdftex.def on input line 91.

(/usr/share/texmf-texlive/tex/latex/pdftex-def/pdftex.def
File: pdftex.def 2010/03/12 v0.04p Graphics/color for pdfTeX
\Gread@gobject=\count88
))
(/usr/share/texmf-texlive/tex/latex/fancyhdr/fancyhdr.sty
\fancy@headwidth=\skip43
\f@ncyO@elh=\skip44
\f@ncyO@erh=\skip45
\f@ncyO@olh=\skip46
\f@ncyO@orh=\skip47
\f@ncyO@elf=\skip48
\f@ncyO@erf=\skip49
\f@ncyO@olf=\skip50
\f@ncyO@orf=\skip51
)
(/usr/share/texmf-texlive/tex/latex/amsfonts/eucal.sty
Package: eucal 2009/06/22 v3.00 Euler Script fonts
LaTeX Font Info:    Overwriting math alphabet `\EuScript' in version `bold'
(Font)                  U/eus/m/n --> U/eus/b/n on input line 33.
)
(/usr/share/texmf-texlive/tex/generic/babel/babel.sty
Package: babel 2008/07/06 v3.8l The Babel package

(/usr/share/texmf-texlive/tex/generic/babel/english.ldf
Language: english 2005/03/30 v3.3o English support from the babel system

(/usr/share/texmf-texlive/tex/generic/babel/babel.def
File: babel.def 2008/07/06 v3.8l Babel common definitions
\babel@savecnt=\count89
\U@D=\dimen103
)
\l@british = a dialect from \language\l@english 
\l@UKenglish = a dialect from \language\l@english 
\l@canadian = a dialect from \language\l@american 
\l@australian = a dialect from \language\l@british 
\l@newzealand = a dialect from \language\l@british 
)
(/usr/share/texmf-texlive/tex/generic/babel/greek.ldf
Language: greek 2005/03/30 v1.3l Greek support from the babel system

Loading the definitions for the Greek font encoding
(/usr/share/texmf-texlive/tex/generic/babel/lgrenc.def
File: lgrenc.def 2008/06/17 v2.3 Greek Encoding
)))
(/usr/share/texmf-texlive/tex/latex/base/inputenc.sty
Package: inputenc 2008/03/30 v1.1d Input encoding file
\inpenc@prehook=\toks15
\inpenc@posthook=\toks16

(/usr/share/texmf-texlive/tex/latex/greek-inputenc/iso-8859-7.def
File: iso-8859-7.def 2000/05/28 v1.2 Greek input encoding file
))
(/usr/share/texmf-texlive/tex/latex/graphics/color.sty
Package: color 2005/11/14 v1.0j Standard LaTeX Color (DPC)

(/etc/texmf/tex/latex/config/color.cfg
File: color.cfg 2007/01/18 v1.5 color configuration of teTeX/TeXLive
)
Package color Info: Driver file: pdftex.def on input line 130.

(/usr/share/texmf-texlive/tex/latex/graphics/dvipsnam.def
File: dvipsnam.def 1999/02/16 v3.0i Driver-dependant file (DPC,SPQR)
))
(/usr/share/texmf-texlive/tex/latex/footmisc/footmisc.sty
Package: footmisc 2009/09/15 v5.5a a miscellany of footnote facilities
\FN@temptoken=\toks17
\footnotemargin=\dimen104
\c@pp@next@reset=\count90
\c@@fnserial=\count91
Package footmisc Info: Declaring symbol style bringhurst on input line 855.
Package footmisc Info: Declaring symbol style chicago on input line 863.
Package footmisc Info: Declaring symbol style wiley on input line 872.
Package footmisc Info: Declaring symbol style lamport-robust on input line 883.

Package footmisc Info: Declaring symbol style lamport* on input line 903.
Package footmisc Info: Declaring symbol style lamport*-robust on input line 924
.
)
(/usr/share/texmf-texlive/tex/latex/base/ifthen.sty
Package: ifthen 2001/05/26 v1.1c Standard LaTeX ifthen package (DPC)
)
(/usr/share/texmf-texlive/tex/generic/oberdiek/ifpdf.sty
Package: ifpdf 2009/04/10 v2.0 Provides the ifpdf switch (HO)
Package ifpdf Info: pdfTeX in pdf mode detected.
)
(/usr/share/texmf-texlive/tex/latex/base/fontenc.sty
Package: fontenc 2005/09/27 v1.99g Standard LaTeX package

(/usr/share/texmf-texlive/tex/latex/base/t1enc.def
File: t1enc.def 2005/09/27 v1.99g Standard LaTeX file
LaTeX Font Info:    Redeclaring font encoding T1 on input line 43.
))
(/usr/share/texmf/tex/latex/lm/lmodern.sty
Package: lmodern 2009/10/30 v1.6 Latin Modern Fonts
LaTeX Font Info:    Overwriting symbol font `operators' in version `normal'
(Font)                  OT1/cmr/m/n --> OT1/lmr/m/n on input line 22.
LaTeX Font Info:    Overwriting symbol font `letters' in version `normal'
(Font)                  OML/cmm/m/it --> OML/lmm/m/it on input line 23.
LaTeX Font Info:    Overwriting symbol font `symbols' in version `normal'
(Font)                  OMS/cmsy/m/n --> OMS/lmsy/m/n on input line 24.
LaTeX Font Info:    Overwriting symbol font `largesymbols' in version `normal'
(Font)                  OMX/cmex/m/n --> OMX/lmex/m/n on input line 25.
LaTeX Font Info:    Overwriting symbol font `operators' in version `bold'
(Font)                  OT1/cmr/bx/n --> OT1/lmr/bx/n on input line 26.
LaTeX Font Info:    Overwriting symbol font `letters' in version `bold'
(Font)                  OML/cmm/b/it --> OML/lmm/b/it on input line 27.
LaTeX Font Info:    Overwriting symbol font `symbols' in version `bold'
(Font)                  OMS/cmsy/b/n --> OMS/lmsy/b/n on input line 28.
LaTeX Font Info:    Overwriting symbol font `largesymbols' in version `bold'
(Font)                  OMX/cmex/m/n --> OMX/lmex/m/n on input line 29.
LaTeX Font Info:    Overwriting math alphabet `\mathbf' in version `normal'
(Font)                  OT1/cmr/bx/n --> OT1/lmr/bx/n on input line 31.
LaTeX Font Info:    Overwriting math alphabet `\mathsf' in version `normal'
(Font)                  OT1/cmss/m/n --> OT1/lmss/m/n on input line 32.
LaTeX Font Info:    Overwriting math alphabet `\mathit' in version `normal'
(Font)                  OT1/cmr/m/it --> OT1/lmr/m/it on input line 33.
LaTeX Font Info:    Overwriting math alphabet `\mathtt' in version `normal'
(Font)                  OT1/cmtt/m/n --> OT1/lmtt/m/n on input line 34.
LaTeX Font Info:    Overwriting math alphabet `\mathbf' in version `bold'
(Font)                  OT1/cmr/bx/n --> OT1/lmr/bx/n on input line 35.
LaTeX Font Info:    Overwriting math alphabet `\mathsf' in version `bold'
(Font)                  OT1/cmss/bx/n --> OT1/lmss/bx/n on input line 36.
LaTeX Font Info:    Overwriting math alphabet `\mathit' in version `bold'
(Font)                  OT1/cmr/bx/it --> OT1/lmr/bx/it on input line 37.
LaTeX Font Info:    Overwriting math alphabet `\mathtt' in version `bold'
(Font)                  OT1/cmtt/m/n --> OT1/lmtt/m/n on input line 38.
) (./StyleFiles/algorithm.sty

LaTeX Warning: You have requested package `StyleFiles/algorithm',
               but the package provides `algorithm'.

Package: algorithm 
Document Style `algorithm' - floating environment
(/usr/share/texmf-texlive/tex/latex/float/float.sty
Package: float 2001/11/08 v1.3d Float enhancements (AL)
\c@float@type=\count92
\float@exts=\toks18
\float@box=\box26
\@float@everytoks=\toks19
\@floatcapt=\box27
)
\@float@every@algorithm=\toks20
\c@algorithm=\count93
)
(./StyleFiles/algorithmic.sty

LaTeX Warning: You have requested package `StyleFiles/algorithmic',
               but the package provides `algorithmic'.

Package: algorithmic 2005/07/05
Document Style `algorithmic' - environment
(/usr/share/texmf-texlive/tex/latex/tools/calc.sty
Package: calc 2007/08/22 v4.3 Infix arithmetic (KKT,FJ)
\calc@Acount=\count94
\calc@Bcount=\count95
\calc@Adimen=\dimen105
\calc@Bdimen=\dimen106
\calc@Askip=\skip52
\calc@Bskip=\skip53
LaTeX Info: Redefining \setlength on input line 76.
LaTeX Info: Redefining \addtolength on input line 77.
\calc@Ccount=\count96
\calc@Cskip=\skip54
)
(/usr/share/texmf-texlive/tex/latex/graphics/keyval.sty
Package: keyval 1999/03/16 v1.13 key=value parser (DPC)
\KV@toks@=\toks21
)
\c@ALC@line=\count97
\c@ALC@rem=\count98
\c@ALC@depth=\count99
\ALC@tlm=\skip55
\algorithmicindent=\skip56
)
(/usr/share/texmf-texlive/tex/latex/amscls/amsthm.sty
Package: amsthm 2004/08/06 v2.20
\thm@style=\toks22
\thm@bodyfont=\toks23
\thm@headfont=\toks24
\thm@notefont=\toks25
\thm@headpunct=\toks26
\thm@preskip=\skip57
\thm@postskip=\skip58
\thm@headsep=\skip59
\dth@everypar=\toks27
)
(/usr/share/texmf-texlive/tex/latex/nomencl/nomencl.sty
Package: nomencl 2005/09/22 v4.2 Nomenclature package (LN)
\nomlabelwidth=\dimen107
\nom@tempdim=\dimen108
\nomitemsep=\skip60
)
\@glossaryfile=\write3
\openout3 = `thesis.glo'.


Writing glossary file thesis.glo 
(/usr/share/texmf-texlive/tex/latex/hyperref/hyperref.sty
Package: hyperref 2009/10/09 v6.79a Hypertext links for LaTeX

(/usr/share/texmf-texlive/tex/generic/oberdiek/ifvtex.sty
Package: ifvtex 2008/11/04 v1.4 Switches for detecting VTeX and its modes (HO)
Package ifvtex Info: VTeX not detected.
)
(/usr/share/texmf-texlive/tex/generic/ifxetex/ifxetex.sty
Package: ifxetex 2009/01/23 v0.5 Provides ifxetex conditional
)
(/usr/share/texmf-texlive/tex/latex/oberdiek/hycolor.sty
Package: hycolor 2009/10/02 v1.5 Code for color options of hyperref/bookmark (H
O)

(/usr/share/texmf-texlive/tex/latex/oberdiek/xcolor-patch.sty
Package: xcolor-patch 2009/10/02 xcolor patch
))
\@linkdim=\dimen109
\Hy@linkcounter=\count100
\Hy@pagecounter=\count101

(/usr/share/texmf-texlive/tex/latex/hyperref/pd1enc.def
File: pd1enc.def 2009/10/09 v6.79a Hyperref: PDFDocEncoding definition (HO)
)
(/usr/share/texmf-texlive/tex/generic/oberdiek/etexcmds.sty
Package: etexcmds 2007/12/12 v1.2 Prefix for e-TeX command names (HO)

(/usr/share/texmf-texlive/tex/generic/oberdiek/infwarerr.sty
Package: infwarerr 2007/09/09 v1.2 Providing info/warning/message (HO)
)
Package etexcmds Info: Could not find \expanded.
(etexcmds)             That can mean that you are not using pdfTeX 1.50 or
(etexcmds)             that some package has redefined \expanded.
(etexcmds)             In the latter case, load this package earlier.
)
(/usr/share/texmf-texlive/tex/latex/latexconfig/hyperref.cfg
File: hyperref.cfg 2002/06/06 v1.2 hyperref configuration of TeXLive
)
(/usr/share/texmf-texlive/tex/latex/oberdiek/kvoptions.sty
Package: kvoptions 2009/08/13 v3.4 Keyval support for LaTeX options (HO)

(/usr/share/texmf-texlive/tex/generic/oberdiek/kvsetkeys.sty
Package: kvsetkeys 2009/07/30 v1.5 Key value parser with default handler suppor
t (HO)
))
Package hyperref Info: Option `plainpages' set `false' on input line 2864.
Package hyperref Info: Option `pdfpagelabels' set `true' on input line 2864.


Package hyperref Warning: Values of option `pdfpagelayout':
(hyperref)                * `SinglePage'
(hyperref)                * `OneColumn'
(hyperref)                * `TwoColumnLeft'
(hyperref)                * `TwoColumnRight'
(hyperref)                * `TwoPageLeft' (PDF 1.5)
(hyperref)                * `TwoPageRight' (PDF 1.5)
(hyperref)                * An empty value disables the option.
(hyperref)                Unknown value `useoutlines' on input line 2864.

Package hyperref Info: Option `bookmarks' set `true' on input line 2864.
Package hyperref Info: Option `bookmarksopen' set `true' on input line 2864.
Package hyperref Info: Option `bookmarksnumbered' set `true' on input line 2864
.
Package hyperref Info: Option `breaklinks' set `true' on input line 2864.
Package hyperref Info: Option `linktocpage' set `true' on input line 2864.
Package hyperref Info: Option `colorlinks' set `true' on input line 2864.
Package hyperref Info: Option `hyperindex' set `true' on input line 2864.
Package hyperref Info: Option `hyperfigures' set `true' on input line 2864.
Package hyperref Info: Hyper figures ON on input line 2973.
Package hyperref Info: Link nesting OFF on input line 2980.
Package hyperref Info: Hyper index ON on input line 2983.
Package hyperref Info: Plain pages OFF on input line 2990.
Package hyperref Info: Backreferencing ON on input line 2993.
Implicit mode ON; LaTeX internals redefined
Package hyperref Info: Bookmarks ON on input line 3191.
(/usr/share/texmf-texlive/tex/latex/hyperref/backref.sty
Package: backref 2006/09/05 v1.28 Bibliographical back referencing
)
(/usr/share/texmf-texlive/tex/latex/ltxmisc/url.sty
\Urlmuskip=\muskip10
Package: url 2006/04/12  ver 3.3  Verb mode for urls, etc.
)
LaTeX Info: Redefining \url on input line 3428.

(/usr/share/texmf-texlive/tex/generic/oberdiek/bitset.sty
Package: bitset 2007/09/28 v1.0 Data type bit set (HO)

(/usr/share/texmf-texlive/tex/generic/oberdiek/intcalc.sty
Package: intcalc 2007/09/27 v1.1 Expandable integer calculations (HO)
)
(/usr/share/texmf-texlive/tex/generic/oberdiek/bigintcalc.sty
Package: bigintcalc 2007/11/11 v1.1 Expandable big integer calculations (HO)

(/usr/share/texmf-texlive/tex/generic/oberdiek/pdftexcmds.sty
Package: pdftexcmds 2009/09/23 v0.6 LuaTeX support for pdfTeX utility functions
 (HO)

(/usr/share/texmf-texlive/tex/generic/oberdiek/ifluatex.sty
Package: ifluatex 2009/04/17 v1.2 Provides the ifluatex switch (HO)
Package ifluatex Info: LuaTeX not detected.
)
(/usr/share/texmf-texlive/tex/generic/oberdiek/ltxcmds.sty
Package: ltxcmds 2009/08/05 v1.0 Some LaTeX kernel commands for general use (HO
)
)
Package pdftexcmds Info: LuaTeX not detected.
Package pdftexcmds Info: \pdf@primitive is available.
Package pdftexcmds Info: \pdf@ifprimitive is available.
)))
\Fld@menulength=\count102
\Field@Width=\dimen110
\Fld@charsize=\dimen111
\Field@toks=\toks28
Package hyperref Info: Hyper figures ON on input line 4375.
Package hyperref Info: Link nesting OFF on input line 4382.
Package hyperref Info: Hyper index ON on input line 4385.
Package hyperref Info: backreferencing ON on input line 4390.
Package hyperref Info: Link coloring ON on input line 4395.
Package hyperref Info: Link coloring with OCG OFF on input line 4402.
Package hyperref Info: PDF/A mode OFF on input line 4407.

(/usr/share/texmf-texlive/tex/generic/oberdiek/atbegshi.sty
Package: atbegshi 2008/07/31 v1.9 At begin shipout hook (HO)
)
\Hy@abspage=\count103
\c@Item=\count104
\c@Hfootnote=\count105
)
*hyperref using driver hpdftex*
(/usr/share/texmf-texlive/tex/latex/hyperref/hpdftex.def
File: hpdftex.def 2009/10/09 v6.79a Hyperref driver for pdfTeX
\Fld@listcount=\count106
)
(/usr/share/texmf-texlive/tex/latex/graphics/graphicx.sty
Package: graphicx 1999/02/16 v1.0f Enhanced LaTeX Graphics (DPC,SPQR)
\Gin@req@height=\dimen112
\Gin@req@width=\dimen113
))
(/usr/share/texmf-texlive/tex/latex/fancyvrb/fancyvrb.sty
Package: fancyvrb 2008/02/07

Style option: `fancyvrb' v2.7a, with DG/SPQR fixes, and firstline=lastline fix 
<2008/02/07> (tvz)
\FV@CodeLineNo=\count107
\FV@InFile=\read1
\FV@TabBox=\box28
\c@FancyVerbLine=\count108
\FV@StepNumber=\count109
\FV@OutFile=\write4
) (/usr/share/texmf-texlive/tex/latex/subfigure/subfigure.sty
Package: subfigure 2002/03/15 v2.1.5 subfigure package
\subfigtopskip=\skip61
\subfigcapskip=\skip62
\subfigcaptopadj=\dimen114
\subfigbottomskip=\skip63
\subfigcapmargin=\dimen115
\subfiglabelskip=\skip64
\c@subfigure=\count110
\c@lofdepth=\count111
\c@subtable=\count112
\c@lotdepth=\count113
****************************************
* Local config file subfigure.cfg used *
****************************************
(/usr/share/texmf-texlive/tex/latex/subfigure/subfigure.cfg)
\subfig@top=\skip65
\subfig@bottom=\skip66
)

LaTeX Warning: Unused global option(s):
    [report].

(./thesis.aux
LaTeX Font Info:    Try loading font information for LGR+cmr on input line 14.
 (/usr/share/texmf-texlive/tex/latex/cbfonts/lgrcmr.fd
File: lgrcmr.fd 2008/01/04 v1.0 Greek Computer Modern
)
(./Abstract/abstract.aux) (./Introduction/introduction.aux)
(./Chapter1/chapter1.aux) (./Chapter2/chapter2.aux) (./Chapter3/chapter3.aux)
(./Chapter4/chapter4.aux

LaTeX Warning: Label `Coordination' multiply defined.


LaTeX Warning: Label `alg3' multiply defined.

) (./Chapter5/chapter5.aux) (./Chapter6/chapter6.aux) (./Chapter7/chapter7.aux)
(./Chapter8/chapter8.aux))
\openout1 = `thesis.aux'.

LaTeX Font Info:    Checking defaults for OML/cmm/m/it on input line 56.
LaTeX Font Info:    ... okay on input line 56.
LaTeX Font Info:    Checking defaults for T1/cmr/m/n on input line 56.
LaTeX Font Info:    ... okay on input line 56.
LaTeX Font Info:    Checking defaults for OT1/cmr/m/n on input line 56.
LaTeX Font Info:    ... okay on input line 56.
LaTeX Font Info:    Checking defaults for OMS/cmsy/m/n on input line 56.
LaTeX Font Info:    ... okay on input line 56.
LaTeX Font Info:    Checking defaults for OMX/cmex/m/n on input line 56.
LaTeX Font Info:    ... okay on input line 56.
LaTeX Font Info:    Checking defaults for U/cmr/m/n on input line 56.
LaTeX Font Info:    ... okay on input line 56.
LaTeX Font Info:    Checking defaults for LGR/cmr/m/n on input line 56.
LaTeX Font Info:    ... okay on input line 56.
LaTeX Font Info:    Checking defaults for PD1/pdf/m/n on input line 56.
LaTeX Font Info:    ... okay on input line 56.
LaTeX Font Info:    Try loading font information for T1+lmr on input line 56.
 (/usr/share/texmf/tex/latex/lm/t1lmr.fd
File: t1lmr.fd 2009/10/30 v1.6 Font defs for Latin Modern
)
(/usr/share/texmf/tex/context/base/supp-pdf.mkii
[Loading MPS to PDF converter (version 2006.09.02).]
\scratchcounter=\count114
\scratchdimen=\dimen116
\scratchbox=\box29
\nofMPsegments=\count115
\nofMParguments=\count116
\everyMPshowfont=\toks29
\MPscratchCnt=\count117
\MPscratchDim=\dimen117
\MPnumerator=\count118
\everyMPtoPDFconversion=\toks30
)
LaTeX Font Info:    Try loading font information for LGR+lmr on input line 56.
 (/usr/share/texmf-texlive/tex/latex/cbfonts/lgrlmr.fd
File: lgrlmr.fd 2008/01/02 v1.0 Greek Computer Modern
)
Package hyperref Info: Link coloring ON on input line 56.

(/usr/share/texmf-texlive/tex/latex/hyperref/nameref.sty
Package: nameref 2007/05/29 v2.31 Cross-referencing by name of section

(/usr/share/texmf-texlive/tex/latex/oberdiek/refcount.sty
Package: refcount 2008/08/11 v3.1 Data extraction from references (HO)
)
\c@section@level=\count119
)
LaTeX Info: Redefining \ref on input line 56.
LaTeX Info: Redefining \pageref on input line 56.
 (./thesis.out)
(./thesis.out)
\@outlinefile=\write5
\openout5 = `thesis.out'.

\AtBeginShipoutBox=\box30
 <ThesisFigs/TUClogocolor.jpg, id=289, 113.7048pt x 182.1204pt>
File: ThesisFigs/TUClogocolor.jpg Graphic file (type jpg)

<use ThesisFigs/TUClogocolor.jpg> [1

{/var/lib/texmf/fonts/map/pdftex/updmap/pdftex.map} <./ThesisFigs/TUClogocolor.
jpg>] [2

]
File: ThesisFigs/TUClogocolor.jpg Graphic file (type jpg)

<use ThesisFigs/TUClogocolor.jpg> [3] [4

]
\openout2 = `Abstract/abstract.aux'.

 (./Abstract/abstract.tex [1


] [2]
[3] [4]) [5] [6


] (./thesis.toc
LaTeX Font Info:    Try loading font information for OT1+lmr on input line 14.
 (/usr/share/texmf/tex/latex/lm/ot1lmr.fd
File: ot1lmr.fd 2009/10/30 v1.6 Font defs for Latin Modern
)
LaTeX Font Info:    Try loading font information for OML+lmm on input line 14.

(/usr/share/texmf/tex/latex/lm/omllmm.fd
File: omllmm.fd 2009/10/30 v1.6 Font defs for Latin Modern
)
LaTeX Font Info:    Try loading font information for OMS+lmsy on input line 14.


(/usr/share/texmf/tex/latex/lm/omslmsy.fd
File: omslmsy.fd 2009/10/30 v1.6 Font defs for Latin Modern
)
LaTeX Font Info:    Try loading font information for OMX+lmex on input line 14.


(/usr/share/texmf/tex/latex/lm/omxlmex.fd
File: omxlmex.fd 2009/10/30 v1.6 Font defs for Latin Modern
)
LaTeX Font Info:    External font `lmex10' loaded for size
(Font)              <12> on input line 14.
LaTeX Font Info:    External font `lmex10' loaded for size
(Font)              <8> on input line 14.
LaTeX Font Info:    External font `lmex10' loaded for size
(Font)              <6> on input line 14.
LaTeX Font Info:    Try loading font information for U+msa on input line 14.

(/usr/share/texmf-texlive/tex/latex/amsfonts/umsa.fd
File: umsa.fd 2009/06/22 v3.00 AMS symbols A
)
LaTeX Font Info:    Try loading font information for U+msb on input line 14.

(/usr/share/texmf-texlive/tex/latex/amsfonts/umsb.fd
File: umsb.fd 2009/06/22 v3.00 AMS symbols B
) [7] [8])
\tf@toc=\write6
\openout6 = `thesis.toc'.

 [9] [10

]
(./thesis.lof [11])
\tf@lof=\write7
\openout7 = `thesis.lof'.

 [12] (./thesis.loa)
\tf@loa=\write8
\openout8 = `thesis.loa'.

 [13

] [14

]
\openout2 = `Introduction/introduction.aux'.


(./Introduction/introduction.tex
Chapter 1.
pdfTeX warning (ext4): destination with the same identifier (name{page.1}) has 
been already used, duplicate ignored
<to be read again> 
                   \relax 
l.20 
      [1


]pdfTeX warning (ext4): destination with the same identifier (name{page.2}) has
 been already used, duplicate ignored
<to be read again> 
                   \relax 
l.20 
      [2]

LaTeX Warning: Reference `SimSpark' on page 3 undefined on input line 23.

)pdfTeX warning (ext4): destination with the same identifier (name{page.3}) has
 been already used, duplicate ignored
<to be read again> 
                   \relax 
l.106  \include{Introduction/introduction}
                                           [3]
\openout2 = `Chapter1/chapter1.aux'.

 (./Chapter1/chapter1.texpdfTeX warning (ext4): destination with the same ident
ifier (name{page.4}) has been already used, duplicate ignored
<to be read again> 
                   \relax 
l.1 \chapter
            {Background} [4



]
Chapter 2.
[5] <Chapter1/figures/middleSize1.jpg, id=548, 803.0pt x 538.01pt>
File: Chapter1/figures/middleSize1.jpg Graphic file (type jpg)

<use Chapter1/figures/middleSize1.jpg>
<Chapter1/figures/2D.jpg, id=550, 1477.52pt x 990.70125pt>
File: Chapter1/figures/2D.jpg Graphic file (type jpg)

<use Chapter1/figures/2D.jpg> [6 <./Chapter1/figures/middleSize1.jpg>]
<Chapter1/figures/kouretes.jpg, id=557, 2055.68pt x 1376.14125pt>
File: Chapter1/figures/kouretes.jpg Graphic file (type jpg)

<use Chapter1/figures/kouretes.jpg>
<Chapter1/figures/PANDORA.jpg, id=558, 451.6875pt x 277.78781pt>
File: Chapter1/figures/PANDORA.jpg Graphic file (type jpg)

<use Chapter1/figures/PANDORA.jpg> [7 <./Chapter1/figures/2D.jpg>] [8 <./Chapte
r1/figures/kouretes.jpg> <./Chapter1/figures/PANDORA.jpg>]
<Chapter1/figures/robocup@home.jpeg, id=572, 491.8375pt x 359.3425pt>
File: Chapter1/figures/robocup@home.jpeg Graphic file (type jpg)

<use Chapter1/figures/robocup@home.jpeg> [9 <./Chapter1/figures/robocup@home.jp
eg>]) [10]
\openout2 = `Chapter2/chapter2.aux'.

 (./Chapter2/chapter2.tex
Chapter 3.

<Chapter2/figures/1280px-SoccerSimulation_FieldPlan.png, id=584, 256.96pt x 177
.66376pt>
File: Chapter2/figures/1280px-SoccerSimulation_FieldPlan.png Graphic file (type
 png)
 <use Chapter2/figures/1280px-SoccerSimulation_FieldPlan.png>
Underfull \vbox (badness 4279) has occurred while \output is active []

 [11



]
Underfull \vbox (badness 2698) has occurred while \output is active []

 [12 <./Chapter2/figures/1280px-SoccerSimulation_FieldPlan.png>] [13]
LaTeX Font Info:    Try loading font information for T1+lmtt on input line 47.

(/usr/share/texmf/tex/latex/lm/t1lmtt.fd
File: t1lmtt.fd 2009/10/30 v1.6 Font defs for Latin Modern
) [14] [15] [16] [17]
<Chapter2/figures/629px-Models-nao.jpg, id=617, 631.35875pt x 601.24625pt>
File: Chapter2/figures/629px-Models-nao.jpg Graphic file (type jpg)

<use Chapter2/figures/629px-Models-nao.jpg>) [18] [19 <./Chapter2/figures/629px
-Models-nao.jpg>]
\openout2 = `Chapter3/chapter3.aux'.

 (./Chapter3/chapter3.tex [20



]
Chapter 4.
<Chapter3/figures/Arch.pdf, id=631, 505.89pt x 469.755pt>
File: Chapter3/figures/Arch.pdf Graphic file (type pdf)

<use Chapter3/figures/Arch.pdf> [21]
<Chapter2/figures/800px-SimulationUpdateLoopSynchronizationBetweenSimSparkAndAg
ent.png, id=637, 803.0pt x 284.06125pt>
File: Chapter2/figures/800px-SimulationUpdateLoopSynchronizationBetweenSimSpark
AndAgent.png Graphic file (type png)

<use Chapter2/figures/800px-SimulationUpdateLoopSynchronizationBetweenSimSparkA
ndAgent.png> [22 <./Chapter3/figures/Arch.pdf>]
<Chapter3/figures/Message.pdf, id=644, 469.755pt x 132.495pt>
File: Chapter3/figures/Message.pdf Graphic file (type pdf)

<use Chapter3/figures/Message.pdf> [23 <./Chapter2/figures/800px-SimulationUpda
teLoopSynchronizationBetweenSimSparkAndAgent.png (PNG copy)>]
<Chapter3/figures/LViewAngle.pdf, id=649, 580.1675pt x 419.5675pt>
File: Chapter3/figures/LViewAngle.pdf Graphic file (type pdf)

<use Chapter3/figures/LViewAngle.pdf>
<Chapter3/figures/Localization.pdf, id=652, 545.03625pt x 420.57124pt>
File: Chapter3/figures/Localization.pdf Graphic file (type pdf)

<use Chapter3/figures/Localization.pdf> [24 <./Chapter3/figures/Message.pdf>]
Underfull \vbox (badness 1067) has occurred while \output is active []

 [25 <./Chapter3/figures/LViewAngle.pdf> <./Chapter3/figures/Localization.pdf>]

<Chapter3/figures/LocalizationResults.pdf, id=681, 580.1675pt x 419.5675pt>
File: Chapter3/figures/LocalizationResults.pdf Graphic file (type pdf)

<use Chapter3/figures/LocalizationResults.pdf>
Package hyperref Info: bookmark level for unknown algorithm defaults to 0 on in
put line 144.
 [26 <./Chapter3/figures/LocalizationResults.pdf>] [27pdfTeX warning (ext4): de
stination with the same identifier (name{ALC@rem.1}) has been already used, dup
licate ignored

\AtBegShi@Output ...ipout \box \AtBeginShipoutBox 
                                                  \fi \fi 
l.172 
      pdfTeX warning (ext4): destination with the same identifier (name{ALC@rem
.1}) has been already used, duplicate ignored

\AtBegShi@Output ...ipout \box \AtBeginShipoutBox 
                                                  \fi \fi 
l.172 
      pdfTeX warning (ext4): destination with the same identifier (name{ALC@rem
.1}) has been already used, duplicate ignored

\AtBegShi@Output ...ipout \box \AtBeginShipoutBox 
                                                  \fi \fi 
l.172 
      pdfTeX warning (ext4): destination with the same identifier (name{ALC@rem
.1}) has been already used, duplicate ignored

\AtBegShi@Output ...ipout \box \AtBeginShipoutBox 
                                                  \fi \fi 
l.172 
      pdfTeX warning (ext4): destination with the same identifier (name{ALC@rem
.1}) has been already used, duplicate ignored

\AtBegShi@Output ...ipout \box \AtBeginShipoutBox 
                                                  \fi \fi 
l.172 
      pdfTeX warning (ext4): destination with the same identifier (name{ALC@rem
.1}) has been already used, duplicate ignored

\AtBegShi@Output ...ipout \box \AtBeginShipoutBox 
                                                  \fi \fi 
l.172 
      pdfTeX warning (ext4): destination with the same identifier (name{ALC@rem
.1}) has been already used, duplicate ignored

\AtBegShi@Output ...ipout \box \AtBeginShipoutBox 
                                                  \fi \fi 
l.172 
      pdfTeX warning (ext4): destination with the same identifier (name{ALC@rem
.1}) has been already used, duplicate ignored

\AtBegShi@Output ...ipout \box \AtBeginShipoutBox 
                                                  \fi \fi 
l.172 
      pdfTeX warning (ext4): destination with the same identifier (name{ALC@rem
.1}) has been already used, duplicate ignored

\AtBegShi@Output ...ipout \box \AtBeginShipoutBox 
                                                  \fi \fi 
l.172 
      pdfTeX warning (ext4): destination with the same identifier (name{ALC@rem
.1}) has been already used, duplicate ignored

\AtBegShi@Output ...ipout \box \AtBeginShipoutBox 
                                                  \fi \fi 
l.172 
      pdfTeX warning (ext4): destination with the same identifier (name{ALC@rem
.1}) has been already used, duplicate ignored

\AtBegShi@Output ...ipout \box \AtBeginShipoutBox 
                                                  \fi \fi 
l.172 
      pdfTeX warning (ext4): destination with the same identifier (name{ALC@rem
.1}) has been already used, duplicate ignored

\AtBegShi@Output ...ipout \box \AtBeginShipoutBox 
                                                  \fi \fi 
l.172 
      pdfTeX warning (ext4): destination with the same identifier (name{ALC@rem
.1}) has been already used, duplicate ignored

\AtBegShi@Output ...ipout \box \AtBeginShipoutBox 
                                                  \fi \fi 
l.172 
      pdfTeX warning (ext4): destination with the same identifier (name{ALC@rem
.1}) has been already used, duplicate ignored

\AtBegShi@Output ...ipout \box \AtBeginShipoutBox 
                                                  \fi \fi 
l.172 
      pdfTeX warning (ext4): destination with the same identifier (name{ALC@rem
.1}) has been already used, duplicate ignored

\AtBegShi@Output ...ipout \box \AtBeginShipoutBox 
                                                  \fi \fi 
l.172 
      pdfTeX warning (ext4): destination with the same identifier (name{ALC@rem
.1}) has been already used, duplicate ignored

\AtBegShi@Output ...ipout \box \AtBeginShipoutBox 
                                                  \fi \fi 
l.172 
      pdfTeX warning (ext4): destination with the same identifier (name{ALC@rem
.1}) has been already used, duplicate ignored

\AtBegShi@Output ...ipout \box \AtBeginShipoutBox 
                                                  \fi \fi 
l.172 
      pdfTeX warning (ext4): destination with the same identifier (name{ALC@rem
.1}) has been already used, duplicate ignored

\AtBegShi@Output ...ipout \box \AtBeginShipoutBox 
                                                  \fi \fi 
l.172 
      pdfTeX warning (ext4): destination with the same identifier (name{ALC@rem
.1}) has been already used, duplicate ignored

\AtBegShi@Output ...ipout \box \AtBeginShipoutBox 
                                                  \fi \fi 
l.172 
      pdfTeX warning (ext4): destination with the same identifier (name{ALC@rem
.1}) has been already used, duplicate ignored

\AtBegShi@Output ...ipout \box \AtBeginShipoutBox 
                                                  \fi \fi 
l.172 
      ]
<Chapter3/figures/Models_NaoAnatomy.png, id=723, 511.9125pt x 682.55pt>
File: Chapter3/figures/Models_NaoAnatomy.png Graphic file (type png)

<use Chapter3/figures/Models_NaoAnatomy.png> [28 <./Chapter3/figures/Models_Nao
Anatomy.png>] [29]
<Chapter3/figures/MotionController.pdf, id=736, 433.62pt x 452.69125pt>
File: Chapter3/figures/MotionController.pdf Graphic file (type pdf)

<use Chapter3/figures/MotionController.pdf>
<Chapter3/figures/MotionSequence.pdf, id=738, 166.6225pt x 433.62pt>
File: Chapter3/figures/MotionSequence.pdf Graphic file (type pdf)

<use Chapter3/figures/MotionSequence.pdf> [30] [31 <./Chapter3/figures/MotionCo
ntroller.pdf>]
Underfull \vbox (badness 1502) has occurred while \output is active []

 [32 <./Chapter3/figures/MotionSequence.pdf>] [33] [34]
<Chapter3/figures/KickFSM.pdf, id=767, 245.91875pt x 633.36626pt>
File: Chapter3/figures/KickFSM.pdf Graphic file (type pdf)

<use Chapter3/figures/KickFSM.pdf> [35 <./Chapter3/figures/KickFSM.pdf>]
<Chapter3/figures/GoToPos.pdf, id=775, 580.1675pt x 419.5675pt>
File: Chapter3/figures/GoToPos.pdf Graphic file (type pdf)

<use Chapter3/figures/GoToPos.pdf>

LaTeX Warning: `!h' float specifier changed to `!ht'.

[36] [37 <./Chapter3/figures/GoToPos.pdf>]
<Chapter3/figures/ObstacleAvoidance.pdf, id=790, 530.98375pt x 436.63126pt>
File: Chapter3/figures/ObstacleAvoidance.pdf Graphic file (type pdf)

<use Chapter3/figures/ObstacleAvoidance.pdf>

LaTeX Warning: `!h' float specifier changed to `!ht'.

pdfTeX warning (ext4): destination with the same identifier (name{ALC@line.1}) 
has been already used, duplicate ignored
<to be read again> 
                   \relax 
l.376 \STATE
             $Obstacles = \lbrace O_{1},O_{2},...,O_{n} \rbrace $pdfTeX warning
 (ext4): destination with the same identifier (name{ALC@rem.1}) has been alread
y used, duplicate ignored
<to be read again> 
                   \relax 
l.376 \STATE
             $Obstacles = \lbrace O_{1},O_{2},...,O_{n} \rbrace $pdfTeX warning
 (ext4): destination with the same identifier (name{ALC@line.2}) has been alrea
dy used, duplicate ignored
<to be read again> 
                   \relax 
l.377 \FOR{{\bf each} i in Obstacles}
                                     pdfTeX warning (ext4): destination with th
e same identifier (name{ALC@rem.1}) has been already used, duplicate ignored
<to be read again> 
                   \relax 
l.377 \FOR{{\bf each} i in Obstacles}
                                     pdfTeX warning (ext4): destination with th
e same identifier (name{ALC@line.3}) has been already used, duplicate ignored
<to be read again> 
                   \relax 
l.378 \STATE
             $WayOutSet.Add(Calculate(O_{a},t))$pdfTeX warning (ext4): destinat
ion with the same identifier (name{ALC@rem.1}) has been already used, duplicate
 ignored
<to be read again> 
                   \relax 
l.378 \STATE
             $WayOutSet.Add(Calculate(O_{a},t))$pdfTeX warning (ext4): destinat
ion with the same identifier (name{ALC@line.4}) has been already used, duplicat
e ignored
<to be read again> 
                   \relax 
l.379 \ENDFOR
             pdfTeX warning (ext4): destination with the same identifier (name{
ALC@rem.1}) has been already used, duplicate ignored
<to be read again> 
                   \relax 
l.379 \ENDFOR
             pdfTeX warning (ext4): destination with the same identifier (name{
ALC@line.5}) has been already used, duplicate ignored
<to be read again> 
                   \relax 
l.380 \FOR{{\bf each} j in WayOutSet}
                                     pdfTeX warning (ext4): destination with th
e same identifier (name{ALC@rem.1}) has been already used, duplicate ignored
<to be read again> 
                   \relax 
l.380 \FOR{{\bf each} j in WayOutSet}
                                     pdfTeX warning (ext4): destination with th
e same identifier (name{ALC@line.6}) has been already used, duplicate ignored
<to be read again> 
                   \relax 
l.381 \FOR{{\bf each} t in $\lbrace r, l \rbrace$}
                                                  pdfTeX warning (ext4): destin
ation with the same identifier (name{ALC@rem.1}) has been already used, duplica
te ignored
<to be read again> 
                   \relax 
l.381 \FOR{{\bf each} t in $\lbrace r, l \rbrace$}
                                                  pdfTeX warning (ext4): destin
ation with the same identifier (name{ALC@line.7}) has been already used, duplic
ate ignored
<to be read again> 
                   \relax 
l.382 ...n \lbrace 1,2 \ast n \rbrace , k \neq j$}
                                                  pdfTeX warning (ext4): destin
ation with the same identifier (name{ALC@rem.1}) has been already used, duplica
te ignored
<to be read again> 
                   \relax 
l.382 ...n \lbrace 1,2 \ast n \rbrace , k \neq j$}
                                                  pdfTeX warning (ext4): destin
ation with the same identifier (name{ALC@line.8}) has been already used, duplic
ate ignored
<to be read again> 
                   \relax 
l.383 \STATE
             $WayOutSet.Remove(j,t)$pdfTeX warning (ext4): destination with the
 same identifier (name{ALC@rem.1}) has been already used, duplicate ignored
<to be read again> 
                   \relax 
l.383 \STATE
             $WayOutSet.Remove(j,t)$pdfTeX warning (ext4): destination with the
 same identifier (name{ALC@line.9}) has been already used, duplicate ignored
<to be read again> 
                   \relax 
l.384 \ENDIF
            pdfTeX warning (ext4): destination with the same identifier (name{A
LC@rem.1}) has been already used, duplicate ignored
<to be read again> 
                   \relax 
l.384 \ENDIF
            pdfTeX warning (ext4): destination with the same identifier (name{A
LC@line.10}) has been already used, duplicate ignored
<to be read again> 
                   \relax 
l.385 \ENDFOR
             pdfTeX warning (ext4): destination with the same identifier (name{
ALC@rem.1}) has been already used, duplicate ignored
<to be read again> 
                   \relax 
l.385 \ENDFOR
             pdfTeX warning (ext4): destination with the same identifier (name{
ALC@line.11}) has been already used, duplicate ignored
<to be read again> 
                   \relax 
l.386 \ENDFOR
             pdfTeX warning (ext4): destination with the same identifier (name{
ALC@rem.1}) has been already used, duplicate ignored
<to be read again> 
                   \relax 
l.386 \ENDFOR
              [38]
Underfull \vbox (badness 1783) has occurred while \output is active []

 [39 <./Chapter3/figures/ObstacleAvoidance.pdf>]
<Chapter3/figures/MAC.pdf, id=809, 475.7775pt x 91.34125pt>
File: Chapter3/figures/MAC.pdf Graphic file (type pdf)

<use Chapter3/figures/MAC.pdf>) [40] [41 <./Chapter3/figures/MAC.pdf>]
\openout2 = `Chapter4/chapter4.aux'.


(./Chapter4/chapter4.tex [42



]
Chapter 5.
<Chapter4/figures/CoordinationCycle.pdf, id=829, 443.6575pt x 307.1475pt>
File: Chapter4/figures/CoordinationCycle.pdf Graphic file (type pdf)

<use Chapter4/figures/CoordinationCycle.pdf> [43] [44 <./Chapter4/figures/Coord
inationCycle.pdf>]pdfTeX warning (ext4): destination with the same identifier (
name{ALC@line.1}) has been already used, duplicate ignored
<to be read again> 
                   \relax 
l.33 \STATE
            $Coordination Messages = \lbrace M_{1},M_{2},...,M_{N} \rbrace ,...
pdfTeX warning (ext4): destination with the same identifier (name{ALC@rem.1}) h
as been already used, duplicate ignored
<to be read again> 
                   \relax 
l.33 \STATE
            $Coordination Messages = \lbrace M_{1},M_{2},...,M_{N} \rbrace ,...
pdfTeX warning (ext4): destination with the same identifier (name{ALC@line.2}) 
has been already used, duplicate ignored
<to be read again> 
                   \relax 
l.34 \STATE
            ${\bf Step 1}:$pdfTeX warning (ext4): destination with the same ide
ntifier (name{ALC@rem.1}) has been already used, duplicate ignored
<to be read again> 
                   \relax 
l.34 \STATE
            ${\bf Step 1}:$pdfTeX warning (ext4): destination with the same ide
ntifier (name{ALC@line.3}) has been already used, duplicate ignored
<to be read again> 
                   \relax 
l.35 \STATE
            $B \leftarrow Update Beliefs() $pdfTeX warning (ext4): destination 
with the same identifier (name{ALC@rem.1}) has been already used, duplicate ign
ored
<to be read again> 
                   \relax 
l.35 \STATE
            $B \leftarrow Update Beliefs() $pdfTeX warning (ext4): destination 
with the same identifier (name{ALC@line.4}) has been already used, duplicate ig
nored
<to be read again> 
                   \relax 
l.36 \STATE
            ${\bf Step 2}:$pdfTeX warning (ext4): destination with the same ide
ntifier (name{ALC@rem.1}) has been already used, duplicate ignored
<to be read again> 
                   \relax 
l.36 \STATE
            ${\bf Step 2}:$pdfTeX warning (ext4): destination with the same ide
ntifier (name{ALC@line.5}) has been already used, duplicate ignored
<to be read again> 
                   \relax 
l.37 \STATE
            $S \leftarrow Coordination Splitter(B) $pdfTeX warning (ext4): dest
ination with the same identifier (name{ALC@rem.1}) has been already used, dupli
cate ignored
<to be read again> 
                   \relax 
l.37 \STATE
            $S \leftarrow Coordination Splitter(B) $pdfTeX warning (ext4): dest
ination with the same identifier (name{ALC@line.6}) has been already used, dupl
icate ignored
<to be read again> 
                   \relax 
l.38 \STATE
            ${\bf Step 3}:$pdfTeX warning (ext4): destination with the same ide
ntifier (name{ALC@rem.1}) has been already used, duplicate ignored
<to be read again> 
                   \relax 
l.38 \STATE
            ${\bf Step 3}:$pdfTeX warning (ext4): destination with the same ide
ntifier (name{ALC@line.7}) has been already used, duplicate ignored
<to be read again> 
                   \relax 
l.39 \STATE
            $A_{p} \leftarrow Active Positions(B,S) $pdfTeX warning (ext4): des
tination with the same identifier (name{ALC@rem.1}) has been already used, dupl
icate ignored
<to be read again> 
                   \relax 
l.39 \STATE
            $A_{p} \leftarrow Active Positions(B,S) $pdfTeX warning (ext4): des
tination with the same identifier (name{ALC@line.8}) has been already used, dup
licate ignored
<to be read again> 
                   \relax 
l.40 \STATE
            ${\bf Step 4}:$pdfTeX warning (ext4): destination with the same ide
ntifier (name{ALC@rem.1}) has been already used, duplicate ignored
<to be read again> 
                   \relax 
l.40 \STATE
            ${\bf Step 4}:$pdfTeX warning (ext4): destination with the same ide
ntifier (name{ALC@line.9}) has been already used, duplicate ignored
<to be read again> 
                   \relax 
l.41 \STATE
            $A_{c} \leftarrow Active Coordination(A_{p},S) $pdfTeX warning (ext
4): destination with the same identifier (name{ALC@rem.1}) has been already use
d, duplicate ignored
<to be read again> 
                   \relax 
l.41 \STATE
            $A_{c} \leftarrow Active Coordination(A_{p},S) $pdfTeX warning (ext
4): destination with the same identifier (name{ALC@line.10}) has been already u
sed, duplicate ignored
<to be read again> 
                   \relax 
l.42 \STATE
            ${\bf Step 5}: $pdfTeX warning (ext4): destination with the same id
entifier (name{ALC@rem.1}) has been already used, duplicate ignored
<to be read again> 
                   \relax 
l.42 \STATE
            ${\bf Step 5}: $pdfTeX warning (ext4): destination with the same id
entifier (name{ALC@line.11}) has been already used, duplicate ignored
<to be read again> 
                   \relax 
l.43 \STATE
            $ F \leftarrow TeamFormation(B) $pdfTeX warning (ext4): destination
 with the same identifier (name{ALC@rem.1}) has been already used, duplicate ig
nored
<to be read again> 
                   \relax 
l.43 \STATE
            $ F \leftarrow TeamFormation(B) $pdfTeX warning (ext4): destination
 with the same identifier (name{ALC@line.12}) has been already used, duplicate 
ignored
<to be read again> 
                   \relax 
l.44 \STATE
            $ R \leftarrow Role Assignment(A_{c},B,F) $pdfTeX warning (ext4): d
estination with the same identifier (name{ALC@rem.1}) has been already used, du
plicate ignored
<to be read again> 
                   \relax 
l.44 \STATE
            $ R \leftarrow Role Assignment(A_{c},B,F) $pdfTeX warning (ext4): d
estination with the same identifier (name{ALC@line.13}) has been already used, 
duplicate ignored
<to be read again> 
                   \relax 
l.45 \STATE
            $ S_{p} \leftarrow Support Positions(R,F,S) $pdfTeX warning (ext4):
 destination with the same identifier (name{ALC@rem.1}) has been already used, 
duplicate ignored
<to be read again> 
                   \relax 
l.45 \STATE
            $ S_{p} \leftarrow Support Positions(R,F,S) $pdfTeX warning (ext4):
 destination with the same identifier (name{ALC@line.14}) has been already used
, duplicate ignored
<to be read again> 
                   \relax 
l.46 \STATE
            $ {\bf Step 6}:$pdfTeX warning (ext4): destination with the same id
entifier (name{ALC@rem.1}) has been already used, duplicate ignored
<to be read again> 
                   \relax 
l.46 \STATE
            $ {\bf Step 6}:$pdfTeX warning (ext4): destination with the same id
entifier (name{ALC@line.15}) has been already used, duplicate ignored
<to be read again> 
                   \relax 
l.47 \STATE
            $ Support Coordination(R,F,S,B,A_{c},S) $pdfTeX warning (ext4): des
tination with the same identifier (name{ALC@rem.1}) has been already used, dupl
icate ignored
<to be read again> 
                   \relax 
l.47 \STATE
            $ Support Coordination(R,F,S,B,A_{c},S) $ [45] [46] [47]

pdfTeX warning: pdflatex (file ./Chapter4/figures/CoordComm.pdf): PDF inclusion
: found PDF version <1.5>, but at most version <1.4> allowed
<Chapter4/figures/CoordComm.pdf, id=855, 369.7395pt x 366.54305pt>
File: Chapter4/figures/CoordComm.pdf Graphic file (type pdf)

<use Chapter4/figures/CoordComm.pdf> [48 <./Chapter4/figures/CoordComm.pdf>]

pdfTeX warning: pdflatex (file ./Chapter4/figures/Ball.pdf): PDF inclusion: fou
nd PDF version <1.5>, but at most version <1.4> allowed
<Chapter4/figures/Ball.pdf, id=998, 579.27267pt x 501.24242pt>
File: Chapter4/figures/Ball.pdf Graphic file (type pdf)

<use Chapter4/figures/Ball.pdf> [49] [50 <./Chapter4/figures/Ball.pdf>]
[51]

pdfTeX warning: pdflatex (file ./Chapter4/figures/Splitter.pdf): PDF inclusion:
 found PDF version <1.5>, but at most version <1.4> allowed
<Chapter4/figures/Splitter.pdf, id=1066, 579.27267pt x 523.99892pt>
File: Chapter4/figures/Splitter.pdf Graphic file (type pdf)

<use Chapter4/figures/Splitter.pdf>
<Chapter4/figures/Graph1.pdf, id=1069, 1219.55624pt x 701.62125pt>
File: Chapter4/figures/Graph1.pdf Graphic file (type pdf)

<use Chapter4/figures/Graph1.pdf> [52]
<Chapter4/figures/ActivePositions2.png, id=1075, 851.18pt x 902.37125pt>
File: Chapter4/figures/ActivePositions2.png Graphic file (type png)

<use Chapter4/figures/ActivePositions2.png> [53 <./Chapter4/figures/Splitter.pd
f>] <Chapter4/figures/Active3.png, id=1102, 922.44624pt x 831.105pt>
File: Chapter4/figures/Active3.png Graphic file (type png)

<use Chapter4/figures/Active3.png>
Underfull \vbox (badness 10000) has occurred while \output is active []

 [54 <./Chapter4/figures/Graph1.pdf>] [55 <./Chapter4/figures/ActivePositions2.
png (PNG copy)> <./Chapter4/figures/Active3.png (PNG copy)>]pdfTeX warning (ext
4): destination with the same identifier (name{ALC@line.1}) has been already us
ed, duplicate ignored
<to be read again> 
                   \relax 
l.251 \STATE
             $OptimActiveRoleMap = \varnothing $pdfTeX warning (ext4): destinat
ion with the same identifier (name{ALC@rem.1}) has been already used, duplicate
 ignored
<to be read again> 
                   \relax 
l.251 \STATE
             $OptimActiveRoleMap = \varnothing $pdfTeX warning (ext4): destinat
ion with the same identifier (name{ALC@line.2}) has been already used, duplicat
e ignored
<to be read again> 
                   \relax 
l.252 \STATE
             $ActivePlayers = ActiveSubset - Agent_{OnBall} $pdfTeX warning (ex
t4): destination with the same identifier (name{ALC@rem.1}) has been already us
ed, duplicate ignored
<to be read again> 
                   \relax 
l.252 \STATE
             $ActivePlayers = ActiveSubset - Agent_{OnBall} $pdfTeX warning (ex
t4): destination with the same identifier (name{ALC@line.3}) has been already u
sed, duplicate ignored
<to be read again> 
                   \relax 
l.253 \STATE
             $Activepositions = \lbrace P_{1},P_{2},...,P_{N} \rbrace $pdfTeX w
arning (ext4): destination with the same identifier (name{ALC@rem.1}) has been 
already used, duplicate ignored
<to be read again> 
                   \relax 
l.253 \STATE
             $Activepositions = \lbrace P_{1},P_{2},...,P_{N} \rbrace $pdfTeX w
arning (ext4): destination with the same identifier (name{ALC@line.4}) has been
 already used, duplicate ignored
<to be read again> 
                   \relax 
l.254 \STATE
             $S = {{N}\choose{2}}$pdfTeX warning (ext4): destination with the s
ame identifier (name{ALC@rem.1}) has been already used, duplicate ignored
<to be read again> 
                   \relax 
l.254 \STATE
             $S = {{N}\choose{2}}$pdfTeX warning (ext4): destination with the s
ame identifier (name{ALC@line.5}) has been already used, duplicate ignored
<to be read again> 
                   \relax 
l.255 \FOR{{\bf each} s in S}
                             pdfTeX warning (ext4): destination with the same i
dentifier (name{ALC@rem.1}) has been already used, duplicate ignored
<to be read again> 
                   \relax 
l.255 \FOR{{\bf each} s in S}
                             pdfTeX warning (ext4): destination with the same i
dentifier (name{ALC@line.6}) has been already used, duplicate ignored
<to be read again> 
                   \relax 
l.256 \STATE
             $ActiveRoleMap = RoleMap[s] \cup (OnBallPlayer \rightarrow Ball)$p
dfTeX warning (ext4): destination with the same identifier (name{ALC@rem.1}) ha
s been already used, duplicate ignored
<to be read again> 
                   \relax 
l.256 \STATE
             $ActiveRoleMap = RoleMap[s] \cup (OnBallPlayer \rightarrow Ball)$p
dfTeX warning (ext4): destination with the same identifier (name{ALC@line.7}) h
as been already used, duplicate ignored
<to be read again> 
                   \relax 
l.257 \STATE
             $OptimActiveRoleMap = mincost(ActiveRoleMap,OptimActiveRoleMap)$pd
fTeX warning (ext4): destination with the same identifier (name{ALC@rem.1}) has
 been already used, duplicate ignored
<to be read again> 
                   \relax 
l.257 \STATE
             $OptimActiveRoleMap = mincost(ActiveRoleMap,OptimActiveRoleMap)$
Overfull \hbox (3.6421pt too wide) in paragraph at lines 257--258
[] []$\OML/lmm/m/it/12 OptimActiveRoleMap \OT1/lmr/m/n/12 = \OML/lmm/m/it/12 mi
ncost\OT1/lmr/m/n/12 (\OML/lmm/m/it/12 ActiveRoleMap; OptimActiveRoleMap\OT1/lm
r/m/n/12 )$ 
 []

pdfTeX warning (ext4): destination with the same identifier (name{ALC@line.8}) 
has been already used, duplicate ignored
<to be read again> 
                   \relax 
l.258 \ENDFOR
             pdfTeX warning (ext4): destination with the same identifier (name{
ALC@rem.1}) has been already used, duplicate ignored
<to be read again> 
                   \relax 
l.258 \ENDFOR
              [56] [57]

pdfTeX warning: pdflatex (file ./Chapter4/figures/Formation9_0.pdf): PDF inclus
ion: found PDF version <1.5>, but at most version <1.4> allowed
<Chapter4/figures/Formation9_0.pdf, id=1182, 579.27267pt x 473.44861pt>
File: Chapter4/figures/Formation9_0.pdf Graphic file (type pdf)

<use Chapter4/figures/Formation9_0.pdf> [58]

pdfTeX warning: pdflatex (file ./Chapter4/figures/Formation11_0.pdf): PDF inclu
sion: found PDF version <1.5>, but at most version <1.4> allowed
<Chapter4/figures/Formation11_0.pdf, id=1188, 579.27267pt x 473.44861pt>
File: Chapter4/figures/Formation11_0.pdf Graphic file (type pdf)

<use Chapter4/figures/Formation11_0.pdf> [59 <./Chapter4/figures/Formation9_0.p
df>]

pdfTeX warning: pdflatex (file ./Chapter4/figures/RoleAss.pdf): PDF inclusion: 
found PDF version <1.5>, but at most version <1.4> allowed
<Chapter4/figures/RoleAss.pdf, id=1199, 579.27267pt x 538.8973pt>
File: Chapter4/figures/RoleAss.pdf Graphic file (type pdf)

<use Chapter4/figures/RoleAss.pdf>
Underfull \vbox (badness 10000) has occurred while \output is active []

 [60 <./Chapter4/figures/Formation11_0.pdf>]

pdfTeX warning: pdflatex (file ./Chapter4/figures/SupportPos.pdf): PDF inclusio
n: found PDF version <1.5>, but at most version <1.4> allowed
<Chapter4/figures/SupportPos.pdf, id=1208, 579.27267pt x 512.39833pt>
File: Chapter4/figures/SupportPos.pdf Graphic file (type pdf)

<use Chapter4/figures/SupportPos.pdf> [61]pdfTeX warning (ext4): destination wi
th the same identifier (name{ALC@line.1}) has been already used, duplicate igno
red
<to be read again> 
                   \relax 
l.344 \STATE
             $OptSupportMap = \varnothing $pdfTeX warning (ext4): destination w
ith the same identifier (name{ALC@rem.1}) has been already used, duplicate igno
red
<to be read again> 
                   \relax 
l.344 \STATE
             $OptSupportMap = \varnothing $pdfTeX warning (ext4): destination w
ith the same identifier (name{ALC@line.2}) has been already used, duplicate ign
ored
<to be read again> 
                   \relax 
l.345 \STATE
             $SupportPlayers = \lbrace A_{1},A_{2},...,A_{n} $pdfTeX warning (e
xt4): destination with the same identifier (name{ALC@rem.1}) has been already u
sed, duplicate ignored
<to be read again> 
                   \relax 
l.345 \STATE
             $SupportPlayers = \lbrace A_{1},A_{2},...,A_{n} $pdfTeX warning (e
xt4): destination with the same identifier (name{ALC@line.3}) has been already 
used, duplicate ignored
<to be read again> 
                   \relax 
l.346 \STATE
             $SupportPositions = \lbrace P_{1},P_{2},...,P_{n} \rbrace $pdfTeX 
warning (ext4): destination with the same identifier (name{ALC@rem.1}) has been
 already used, duplicate ignored
<to be read again> 
                   \relax 
l.346 \STATE
             $SupportPositions = \lbrace P_{1},P_{2},...,P_{n} \rbrace $pdfTeX 
warning (ext4): destination with the same identifier (name{ALC@line.4}) has bee
n already used, duplicate ignored
<to be read again> 
                   \relax 
l.347 \FOR{$k = 1 \to n$}
                         pdfTeX warning (ext4): destination with the same ident
ifier (name{ALC@rem.1}) has been already used, duplicate ignored
<to be read again> 
                   \relax 
l.347 \FOR{$k = 1 \to n$}
                         pdfTeX warning (ext4): destination with the same ident
ifier (name{ALC@line.5}) has been already used, duplicate ignored
<to be read again> 
                   \relax 
l.348 \FOR{{\bf each} $\alpha$ in SupportPlayers}
                                                 pdfTeX warning (ext4): destina
tion with the same identifier (name{ALC@rem.1}) has been already used, duplicat
e ignored
<to be read again> 
                   \relax 
l.348 \FOR{{\bf each} $\alpha$ in SupportPlayers}
                                                 pdfTeX warning (ext4): destina
tion with the same identifier (name{ALC@line.6}) has been already used, duplica
te ignored
<to be read again> 
                   \relax 
l.349 \STATE
             $ S = {{n-1}\choose{k-1}} $, sets of k-1 agents for supportPlay...
pdfTeX warning (ext4): destination with the same identifier (name{ALC@rem.1}) h
as been already used, duplicate ignored
<to be read again> 
                   \relax 
l.349 \STATE
             $ S = {{n-1}\choose{k-1}} $, sets of k-1 agents for supportPlay...
pdfTeX warning (ext4): destination with the same identifier (name{ALC@line.7}) 
has been already used, duplicate ignored
<to be read again> 
                   \relax 
l.350 \FOR{{\bf each} s in S}
                             pdfTeX warning (ext4): destination with the same i
dentifier (name{ALC@rem.1}) has been already used, duplicate ignored
<to be read again> 
                   \relax 
l.350 \FOR{{\bf each} s in S}
                             pdfTeX warning (ext4): destination with the same i
dentifier (name{ALC@line.8}) has been already used, duplicate ignored
<to be read again> 
                   \relax 
l.351 \STATE
             $SupportRoleMap$ $m_{0}$ = $RoleMap[s]$pdfTeX warning (ext4): dest
ination with the same identifier (name{ALC@rem.1}) has been already used, dupli
cate ignored
<to be read again> 
                   \relax 
l.351 \STATE
             $SupportRoleMap$ $m_{0}$ = $RoleMap[s]$pdfTeX warning (ext4): dest
ination with the same identifier (name{ALC@line.9}) has been already used, dupl
icate ignored
<to be read again> 
                   \relax 
l.352 \STATE
             $SupportRoleMap$ $m$ = $m_{0}$ $ \cup (\alpha \rightarrow P_{k})$p
dfTeX warning (ext4): destination with the same identifier (name{ALC@rem.1}) ha
s been already used, duplicate ignored
<to be read again> 
                   \relax 
l.352 \STATE
             $SupportRoleMap$ $m$ = $m_{0}$ $ \cup (\alpha \rightarrow P_{k})$p
dfTeX warning (ext4): destination with the same identifier (name{ALC@line.10}) 
has been already used, duplicate ignored
<to be read again> 
                   \relax 
l.353 \STATE
             $OptSupportMap[\lbrace \alpha \rbrace \cup s] = mincost(m,OptSu...
pdfTeX warning (ext4): destination with the same identifier (name{ALC@rem.1}) h
as been already used, duplicate ignored
<to be read again> 
                   \relax 
l.353 \STATE
             $OptSupportMap[\lbrace \alpha \rbrace \cup s] = mincost(m,OptSu...
pdfTeX warning (ext4): destination with the same identifier (name{ALC@line.11})
 has been already used, duplicate ignored
<to be read again> 
                   \relax 
l.354 \ENDFOR
             pdfTeX warning (ext4): destination with the same identifier (name{
ALC@rem.1}) has been already used, duplicate ignored
<to be read again> 
                   \relax 
l.354 \ENDFOR
             pdfTeX warning (ext4): destination with the same identifier (name{
ALC@line.12}) has been already used, duplicate ignored
<to be read again> 
                   \relax 
l.355 \ENDFOR
             pdfTeX warning (ext4): destination with the same identifier (name{
ALC@rem.1}) has been already used, duplicate ignored
<to be read again> 
                   \relax 
l.355 \ENDFOR
             pdfTeX warning (ext4): destination with the same identifier (name{
ALC@line.13}) has been already used, duplicate ignored
<to be read again> 
                   \relax 
l.356 \ENDFOR
             pdfTeX warning (ext4): destination with the same identifier (name{
ALC@rem.1}) has been already used, duplicate ignored
<to be read again> 
                   \relax 
l.356 \ENDFOR
              [62 <./Chapter4/figures/RoleAss.pdf>]
\c@theorem=\count120
 [63 <./Chapter4/figures/SupportPos.pdf>] [64] [65] [66]) [67]
\openout2 = `Chapter5/chapter5.aux'.

 (./Chapter5/chapter5.tex [68



]
Chapter 6.
) [69]
\openout2 = `Chapter6/chapter6.aux'.

 (./Chapter6/chapter6.tex [70



]
Chapter 7.
) [71]
\openout2 = `Chapter7/chapter7.aux'.

 (./Chapter7/chapter7.tex [72



]
Chapter 8.
) [73] [74]
\openout2 = `Chapter8/chapter8.aux'.

 (./Chapter8/chapter8.tex
Chapter 9.
) [75



] (./thesis.bbl (./thesis.brf)
\tf@brf=\write9
\openout9 = `thesis.brf'.

 [76


]

LaTeX Warning: Empty `thebibliography' environment on input line 3.

) [77] (./thesis.aux (./Abstract/abstract.aux) (./Introduction/introduction.aux
) (./Chapter1/chapter1.aux) (./Chapter2/chapter2.aux) (./Chapter3/chapter3.aux)
(./Chapter4/chapter4.aux) (./Chapter5/chapter5.aux) (./Chapter6/chapter6.aux)
(./Chapter7/chapter7.aux) (./Chapter8/chapter8.aux))

LaTeX Warning: There were undefined references.


LaTeX Warning: There were multiply-defined labels.

 ) 
Here is how much of TeX's memory you used:
 7535 strings out of 494985
 111209 string characters out of 1181034
 185687 words of memory out of 3000000
 10161 multiletter control sequences out of 15000+50000
 64561 words of font info for 53 fonts, out of 3000000 for 9000
 73 hyphenation exceptions out of 8191
 45i,12n,48p,2199b,662s stack positions out of 5000i,500n,10000p,200000b,50000s
{/usr/share/texmf/fonts/enc/dvips/lm/lm-ec.enc}{/usr/share/texmf/fonts/enc/dv
ips/lm/lm-rm.enc}{/usr/share/texmf/fonts/enc/dvips/lm/lm-mathex.enc}{/usr/share
/texmf/fonts/enc/dvips/lm/lm-mathsy.enc}{/usr/share/texmf/fonts/enc/dvips/lm/lm
-mathit.enc}</usr/share/texmf-texlive/fonts/type1/public/cbfonts/grmc1200.pfb><
/usr/share/texmf-texlive/fonts/type1/public/cbfonts/grmn1200.pfb></usr/share/te
xmf-texlive/fonts/type1/public/cbfonts/grmn1728.pfb></usr/share/texmf-texlive/f
onts/type1/public/cbfonts/grxn1728.pfb></usr/share/texmf/fonts/type1/public/lm/
lmbx12.pfb></usr/share/texmf/fonts/type1/public/lm/lmbx8.pfb></usr/share/texmf/
fonts/type1/public/lm/lmcsc10.pfb></usr/share/texmf/fonts/type1/public/lm/lmex1
0.pfb></usr/share/texmf/fonts/type1/public/lm/lmmi12.pfb></usr/share/texmf/font
s/type1/public/lm/lmmi8.pfb></usr/share/texmf/fonts/type1/public/lm/lmr10.pfb><
/usr/share/texmf/fonts/type1/public/lm/lmr12.pfb></usr/share/texmf/fonts/type1/
public/lm/lmr17.pfb></usr/share/texmf/fonts/type1/public/lm/lmr8.pfb></usr/shar
e/texmf/fonts/type1/public/lm/lmri12.pfb></usr/share/texmf/fonts/type1/public/l
m/lmsy10.pfb></usr/share/texmf/fonts/type1/public/lm/lmsy8.pfb></usr/share/texm
f/fonts/type1/public/lm/lmtt12.pfb></usr/share/texmf-texlive/fonts/type1/public
/amsfonts/symbols/msam10.pfb></usr/share/texmf-texlive/fonts/type1/public/amsfo
nts/symbols/msbm10.pfb>
Output written on thesis.pdf (95 pages, 6548859 bytes).
PDF statistics:
 1742 PDF objects out of 2073 (max. 8388607)
 243 named destinations out of 1000 (max. 500000)
 729 words of extra memory for PDF output out of 10000 (max. 10000000)

