\BOOKMARK [0][]{chapter.1}{1 Introduction}{}
\BOOKMARK [1][]{section.1.1}{1.1 Thesis Outline}{chapter.1}
\BOOKMARK [0][]{chapter.2}{2 The RoboCup Competition}{}
\BOOKMARK [1][]{section.2.1}{2.1 RoboCup Soccer}{chapter.2}
\BOOKMARK [1][]{section.2.2}{2.2 RoboCup Rescue}{chapter.2}
\BOOKMARK [1][]{section.2.3}{2.3 RoboCup@Home}{chapter.2}
\BOOKMARK [1][]{section.2.4}{2.4 RoboCup Junior}{chapter.2}
\BOOKMARK [0][]{chapter.3}{3 RoboCup 3D Simulation League}{}
\BOOKMARK [1][]{section.3.1}{3.1 SimSpark Soccer Simulator}{chapter.3}
\BOOKMARK [1][]{section.3.2}{3.2 Robot Model}{chapter.3}
\BOOKMARK [1][]{section.3.3}{3.3 Server}{chapter.3}
\BOOKMARK [1][]{section.3.4}{3.4 Monitor}{chapter.3}
\BOOKMARK [2][]{subsection.3.4.1}{3.4.1 SimSpark Monitor}{section.3.4}
\BOOKMARK [2][]{subsection.3.4.2}{3.4.2 Roboviz Monitor}{section.3.4}
\BOOKMARK [1][]{section.3.5}{3.5 Perceptors}{chapter.3}
\BOOKMARK [2][]{subsection.3.5.1}{3.5.1 General perceptors}{section.3.5}
\BOOKMARK [2][]{subsection.3.5.2}{3.5.2 Soccer perceptors}{section.3.5}
\BOOKMARK [1][]{section.3.6}{3.6 Effectors}{chapter.3}
\BOOKMARK [2][]{subsection.3.6.1}{3.6.1 General Effectors}{section.3.6}
\BOOKMARK [2][]{subsection.3.6.2}{3.6.2 Soccer Effectors}{section.3.6}
\BOOKMARK [0][]{chapter.4}{4 Player Skills}{}
\BOOKMARK [1][]{section.4.1}{4.1 Agent Architecture}{chapter.4}
\BOOKMARK [1][]{section.4.2}{4.2 Connection}{chapter.4}
\BOOKMARK [1][]{section.4.3}{4.3 Perceptions}{chapter.4}
\BOOKMARK [1][]{section.4.4}{4.4 Localization}{chapter.4}
\BOOKMARK [2][]{subsection.4.4.1}{4.4.1 Self Localization}{section.4.4}
\BOOKMARK [2][]{subsection.4.4.2}{4.4.2 Object Localization}{section.4.4}
\BOOKMARK [2][]{subsection.4.4.3}{4.4.3 Localization Filtering}{section.4.4}
\BOOKMARK [1][]{section.4.5}{4.5 Motion}{chapter.4}
\BOOKMARK [2][]{subsection.4.5.1}{4.5.1 XML-Based Motion Files}{section.4.5}
\BOOKMARK [2][]{subsection.4.5.2}{4.5.2 XML-Based Motion Controller}{section.4.5}
\BOOKMARK [2][]{subsection.4.5.3}{4.5.3 Text-Based Motion Files}{section.4.5}
\BOOKMARK [2][]{subsection.4.5.4}{4.5.4 Text-Based Motion Controller}{section.4.5}
\BOOKMARK [2][]{subsection.4.5.5}{4.5.5 Dynamic Motion Elements}{section.4.5}
\BOOKMARK [1][]{section.4.6}{4.6 Actions}{chapter.4}
\BOOKMARK [2][]{subsection.4.6.1}{4.6.1 Basic Actions}{section.4.6}
\BOOKMARK [2][]{subsection.4.6.2}{4.6.2 Complex Actions}{section.4.6}
\BOOKMARK [1][]{section.4.7}{4.7 Communication}{chapter.4}
\BOOKMARK [0][]{chapter.5}{5 Team Coordination}{}
\BOOKMARK [1][]{section.5.1}{5.1 Coordination Protocol}{chapter.5}
\BOOKMARK [1][]{section.5.2}{5.2 Coordination Modes}{chapter.5}
\BOOKMARK [1][]{section.5.3}{5.3 Coordination and Communication}{chapter.5}
\BOOKMARK [1][]{section.5.4}{5.4 Coordination Beliefs Update}{chapter.5}
\BOOKMARK [1][]{section.5.5}{5.5 Determination of Coordination Subsets}{chapter.5}
\BOOKMARK [1][]{section.5.6}{5.6 Soccer Field Utility Fuction}{chapter.5}
\BOOKMARK [1][]{section.5.7}{5.7 Determination of Active Positions}{chapter.5}
\BOOKMARK [1][]{section.5.8}{5.8 Active Players Coordination}{chapter.5}
\BOOKMARK [1][]{section.5.9}{5.9 Team Formation Generation}{chapter.5}
\BOOKMARK [1][]{section.5.10}{5.10 Team Roles Assignment}{chapter.5}
\BOOKMARK [1][]{section.5.11}{5.11 Determination of Support Positions}{chapter.5}
\BOOKMARK [1][]{section.5.12}{5.12 Support Players Coordination}{chapter.5}
\BOOKMARK [1][]{section.5.13}{5.13 Goalkeeper Behavior}{chapter.5}
\BOOKMARK [0][]{chapter.6}{6 Results}{}
\BOOKMARK [1][]{section.6.1}{6.1 Motion}{chapter.6}
\BOOKMARK [1][]{section.6.2}{6.2 Communication}{chapter.6}
\BOOKMARK [1][]{section.6.3}{6.3 Goalkeeper}{chapter.6}
\BOOKMARK [1][]{section.6.4}{6.4 Coordination}{chapter.6}
\BOOKMARK [1][]{section.6.5}{6.5 Overall Results}{chapter.6}
\BOOKMARK [0][]{chapter.7}{7 Related Work}{}
\BOOKMARK [1][]{section.7.1}{7.1 UT Austin Villa}{chapter.7}
\BOOKMARK [1][]{section.7.2}{7.2 BeeStanbul}{chapter.7}
\BOOKMARK [1][]{section.7.3}{7.3 FUT-K\1373D}{chapter.7}
\BOOKMARK [1][]{section.7.4}{7.4 Farzanegan}{chapter.7}
\BOOKMARK [0][]{chapter.8}{8 Conclusion}{}
\BOOKMARK [1][]{section.8.1}{8.1 Future Work}{chapter.8}
\BOOKMARK [0][]{chapter*.45}{References}{}
